Note: This file is auto generated by the code.
Date: 2025-01-13 20:26:59
------------------------------------------
Item            Qty        Price      Total     
------------------------------------------
Pad             1          $123.00    $123.00   
------------------------------------------
                           TOTAL      $123.00   
------------------------------------------
------------------------------------------
Date: 2025-01-13 20:27:18
------------------------------------------
Item            Qty        Price      Total     
------------------------------------------
Ball            1          $100.00    $100.00   
------------------------------------------
                           TOTAL      $100.00   
------------------------------------------
------------------------------------------
Date: 2025-01-13 20:29:16
------------------------------------------
Item            Qty        Price      Total     
------------------------------------------
bowl            1          $350.00    $350.00   
------------------------------------------
                           TOTAL      $350.00   
------------------------------------------
------------------------------------------
Date: 2025-01-13 21:50:32
------------------------------------------
Item            Qty        Price      Total     
------------------------------------------
Pen             1          $22.00     $22.00    
bowl            1          $350.00    $350.00   
------------------------------------------
                           TOTAL      $372.00   
------------------------------------------
------------------------------------------
Date: 2025-01-13 22:00:12
------------------------------------------
Item            Qty        Price      Total     
------------------------------------------
Pen             1          $22.00     $22.00    
Ball            1          $100.00    $100.00   
bat             1          $475.00    $475.00   
------------------------------------------
                           TOTAL      $597.00   
------------------------------------------
------------------------------------------
Date: 2025-01-13 22:01:26
------------------------------------------
Item            Qty        Price      Total     
------------------------------------------
Pen             5          $22.00     $110.00   
------------------------------------------
                           TOTAL      $110.00   
------------------------------------------
